<?xml version="1.0" encoding="UTF-8"?>
<!-- Generated by org.testng.reporters.JUnitReportReporter -->
<testsuite hostname="DESKTOP-29B4KFL" failures="0" tests="1" name="HowStuffWorks" time="7.717" errors="0" timestamp="18 May 2024 22:41:54 GMT" skipped="0">
  <testcase classname="HowStuffWorks" name="howstuffworks" time="7.717"/>
</testsuite> <!-- HowStuffWorks -->
