<?xml version="1.0" encoding="UTF-8"?>
<!-- Generated by org.testng.reporters.JUnitReportReporter -->
<testsuite hostname="DESKTOP-29B4KFL" failures="0" tests="1" name="GoogleSearch" time="6.490" errors="0" timestamp="18 May 2024 22:41:54 GMT" skipped="0">
  <testcase classname="GoogleSearch" name="googlesearch" time="6.490"/>
</testsuite> <!-- GoogleSearch -->
