<?xml version="1.0" encoding="UTF-8"?>
<!-- Generated by org.testng.reporters.JUnitReportReporter -->
<testsuite hostname="DESKTOP-29B4KFL" failures="0" tests="1" name="HowStuffWorks" time="9.539" errors="0" timestamp="20 May 2024 04:49:18 GMT" skipped="0">
  <testcase classname="HowStuffWorks" name="howstuffworks" time="9.539"/>
</testsuite> <!-- HowStuffWorks -->
